Arguments: 
  C:\1_Program\nodejs\node.exe C:\1_Program\Yarn\bin\yarn.js

PATH: 
  C:\WINDOWS\system32;C:\WINDOWS;C:\WINDOWS\System32\Wbem;C:\WINDOWS\System32\WindowsPowerShell\v1.0\;C:\WINDOWS\System32\OpenSSH\;C:\1_Program\nvm;C:\1_Program\nodejs;D:\1_Program\PuTTY\;C:\1_Program\Yarn\bin\;C:\Program Files\Intel\WiFi\bin\;C:\Program Files\Common Files\Intel\WirelessCommon\;C:\Program Files\CMake\bin;C:\ProgramData\chocolatey\bin;C:\Go\bin;C:\1_Program\Git\cmd;C:\Users\qtz23\.windows-build-tools\python27\;C:\Users\qtz23\AppData\Local\Microsoft\WindowsApps;C:\1_Program\nvm;C:\1_Program\nodejs;C:\1_Program\Microsoft VS Code\bin;C:\Users\qtz23\.windows-build-tools\python27;D:\1_Program\Fiddler;C:\Users\qtz23\AppData\Local\Yarn\bin;C:\Users\qtz23\AppData\Local\Microsoft\WindowsApps;D:\2_Project\go\bin;C:\1_Program\JetBrains\GoLand 2019.2.4\bin;C:\1_Program\JetBrains\WebStorm 2020.1\bin;C:\1_Program\JetBrains\GoLand 2020.1.2\bin;D:\1_Program\IPFS Desktop\resources\app.asar.unpacked\src\ipfs-on-path\scripts\bin-win;C:\msys64\usr\bin;C:\Users\qtz23\go\bin

Yarn version: 
  1.16.0

Node version: 
  12.16.1

Platform: 
  win32 x64

Trace: 
  SyntaxError: D:\2_Project\NEO\flamincome.finance\package.json: Unexpected end of JSON input
      at JSON.parse (<anonymous>)
      at C:\1_Program\Yarn\lib\cli.js:1625:59
      at Generator.next (<anonymous>)
      at step (C:\1_Program\Yarn\lib\cli.js:304:30)
      at C:\1_Program\Yarn\lib\cli.js:315:13

npm manifest: 
  

yarn manifest: 
  No manifest

Lockfile: 
  No lockfile
